2024-09-20 13:21:44,778 DEBUG    root            Loaded Command Group: ['gcloud', 'components']
2024-09-20 13:21:44,781 DEBUG    root            Loaded Command Group: ['gcloud', 'components', 'update']
2024-09-20 13:21:44,783 DEBUG    root            Running [gcloud.components.update] with arguments: [--quiet: "True", COMPONENT-IDS:8: "['gcloud', 'core', 'bq', 'gsutil', 'compute', 'preview', 'alpha', 'beta']"]
2024-09-20 13:21:44,784 INFO     ___FILE_ONLY___ Beginning update. This process may take several minutes.

2024-09-20 13:21:44,794 DEBUG    urllib3.connectionpool Starting new HTTPS connection (1): dl.google.com:443
2024-09-20 13:21:44,916 DEBUG    urllib3.connectionpool https://dl.google.com:443 "GET /dl/cloudsdk/channels/rapid/components-2.json HTTP/1.1" 200 227002
2024-09-20 13:21:44,933 WARNING  root            Component [preview] no longer exists.
2024-09-20 13:21:44,933 WARNING  root            Component [compute] no longer exists.
2024-09-20 13:21:44,934 INFO     ___FILE_ONLY___ 

2024-09-20 13:21:44,934 INFO     ___FILE_ONLY___ 
Your current Google Cloud CLI version is: 493.0.0

2024-09-20 13:21:44,935 INFO     ___FILE_ONLY___ Installing components from version: 493.0.0

2024-09-20 13:21:44,935 INFO     ___FILE_ONLY___ 

2024-09-20 13:21:44,935 DEBUG    root            Chosen display Format:table[box,title="These components will be removed."](details.display_name:label=Name:align=left,version.version_string:label=Version:align=right,data.size.size(zero="",min=1048576):label=Size:align=right)
2024-09-20 13:21:44,936 DEBUG    root            Chosen display Format:table[box,title="These components will be updated."](details.display_name:label=Name:align=left,version.version_string:label=Version:align=right,data.size.size(zero="",min=1048576):label=Size:align=right)
2024-09-20 13:21:44,936 DEBUG    root            Chosen display Format:table[box,title="These components will be installed."](details.display_name:label=Name:align=left,version.version_string:label=Version:align=right,data.size.size(zero="",min=1048576):label=Size:align=right)
2024-09-20 13:21:44,954 INFO     ___FILE_ONLY___ ┌──────────────────────────────────────────────┐
2024-09-20 13:21:44,954 INFO     ___FILE_ONLY___ 

2024-09-20 13:21:44,954 INFO     ___FILE_ONLY___ │     These components will be installed.      │
2024-09-20 13:21:44,954 INFO     ___FILE_ONLY___ 

2024-09-20 13:21:44,954 INFO     ___FILE_ONLY___ ├───────────────────────┬────────────┬─────────┤
2024-09-20 13:21:44,954 INFO     ___FILE_ONLY___ 

2024-09-20 13:21:44,954 INFO     ___FILE_ONLY___ │          Name         │  Version   │   Size  │
2024-09-20 13:21:44,955 INFO     ___FILE_ONLY___ 

2024-09-20 13:21:44,955 INFO     ___FILE_ONLY___ ├───────────────────────┼────────────┼─────────┤
2024-09-20 13:21:44,955 INFO     ___FILE_ONLY___ 

2024-09-20 13:21:44,955 INFO     ___FILE_ONLY___ │ 
2024-09-20 13:21:44,955 INFO     ___FILE_ONLY___ gcloud Alpha Commands
2024-09-20 13:21:44,955 INFO     ___FILE_ONLY___  
2024-09-20 13:21:44,955 INFO     ___FILE_ONLY___ │ 
2024-09-20 13:21:44,955 INFO     ___FILE_ONLY___ 2024.09.13
2024-09-20 13:21:44,955 INFO     ___FILE_ONLY___  
2024-09-20 13:21:44,955 INFO     ___FILE_ONLY___ │ 
2024-09-20 13:21:44,955 INFO     ___FILE_ONLY___ < 1 MiB
2024-09-20 13:21:44,955 INFO     ___FILE_ONLY___  
2024-09-20 13:21:44,955 INFO     ___FILE_ONLY___ │
2024-09-20 13:21:44,955 INFO     ___FILE_ONLY___ 

2024-09-20 13:21:44,955 INFO     ___FILE_ONLY___ │ 
2024-09-20 13:21:44,956 INFO     ___FILE_ONLY___ gcloud Beta Commands 
2024-09-20 13:21:44,956 INFO     ___FILE_ONLY___  
2024-09-20 13:21:44,956 INFO     ___FILE_ONLY___ │ 
2024-09-20 13:21:44,956 INFO     ___FILE_ONLY___ 2024.09.13
2024-09-20 13:21:44,956 INFO     ___FILE_ONLY___  
2024-09-20 13:21:44,956 INFO     ___FILE_ONLY___ │ 
2024-09-20 13:21:44,956 INFO     ___FILE_ONLY___ < 1 MiB
2024-09-20 13:21:44,956 INFO     ___FILE_ONLY___  
2024-09-20 13:21:44,956 INFO     ___FILE_ONLY___ │
2024-09-20 13:21:44,956 INFO     ___FILE_ONLY___ 

2024-09-20 13:21:44,956 INFO     ___FILE_ONLY___ └───────────────────────┴────────────┴─────────┘
2024-09-20 13:21:44,956 INFO     ___FILE_ONLY___ 

2024-09-20 13:21:44,956 INFO     ___FILE_ONLY___ 

2024-09-20 13:21:44,960 DEBUG    urllib3.connectionpool Starting new HTTPS connection (1): dl.google.com:443
2024-09-20 13:21:45,077 DEBUG    urllib3.connectionpool https://dl.google.com:443 "GET /dl/cloudsdk/channels/rapid/RELEASE_NOTES HTTP/1.1" 200 1273145
2024-09-20 13:21:45,115 INFO     ___FILE_ONLY___ For the latest full release notes, please visit:
  https://cloud.google.com/sdk/release_notes


2024-09-20 13:21:45,115 INFO     ___FILE_ONLY___ Performing in place update...


2024-09-20 13:21:45,117 INFO     ___FILE_ONLY___ ╔════════════════════════════════════════════════════════════╗

2024-09-20 13:21:45,117 INFO     ___FILE_ONLY___ ╠═ Downloading: gcloud Alpha Commands                       ═╣

2024-09-20 13:21:45,118 INFO     ___FILE_ONLY___ ╚
2024-09-20 13:21:45,121 DEBUG    urllib3.connectionpool Starting new HTTPS connection (1): dl.google.com:443
2024-09-20 13:21:45,238 DEBUG    urllib3.connectionpool https://dl.google.com:443 "GET /dl/cloudsdk/channels/rapid/components/google-cloud-sdk-alpha-20240913204132.tar.gz HTTP/1.1" 200 800
2024-09-20 13:21:45,239 INFO     ___FILE_ONLY___ ════════════════════════════════════════════════════════════
2024-09-20 13:21:45,239 INFO     ___FILE_ONLY___ ╝

2024-09-20 13:21:45,241 INFO     ___FILE_ONLY___ ╔════════════════════════════════════════════════════════════╗

2024-09-20 13:21:45,242 INFO     ___FILE_ONLY___ ╠═ Downloading: gcloud Beta Commands                        ═╣

2024-09-20 13:21:45,242 INFO     ___FILE_ONLY___ ╚
2024-09-20 13:21:45,245 DEBUG    urllib3.connectionpool Starting new HTTPS connection (1): dl.google.com:443
2024-09-20 13:21:45,361 DEBUG    urllib3.connectionpool https://dl.google.com:443 "GET /dl/cloudsdk/channels/rapid/components/google-cloud-sdk-beta-20240913204132.tar.gz HTTP/1.1" 200 797
2024-09-20 13:21:45,362 INFO     ___FILE_ONLY___ ════════════════════════════════════════════════════════════
2024-09-20 13:21:45,362 INFO     ___FILE_ONLY___ ╝

2024-09-20 13:21:45,364 INFO     ___FILE_ONLY___ ╔════════════════════════════════════════════════════════════╗

2024-09-20 13:21:45,364 INFO     ___FILE_ONLY___ ╠═ Installing: gcloud Alpha Commands                        ═╣

2024-09-20 13:21:45,365 INFO     ___FILE_ONLY___ ╚
2024-09-20 13:21:45,365 INFO     ___FILE_ONLY___ ════════════════════════════════════════════════════════════
2024-09-20 13:21:45,366 INFO     ___FILE_ONLY___ ╝

2024-09-20 13:21:45,373 INFO     ___FILE_ONLY___ ╔════════════════════════════════════════════════════════════╗

2024-09-20 13:21:45,373 INFO     ___FILE_ONLY___ ╠═ Installing: gcloud Beta Commands                         ═╣

2024-09-20 13:21:45,373 INFO     ___FILE_ONLY___ ╚
2024-09-20 13:21:45,374 INFO     ___FILE_ONLY___ ════════════════════════════════════════════════════════════
2024-09-20 13:21:45,374 INFO     ___FILE_ONLY___ ╝

2024-09-20 13:21:45,382 DEBUG    root            Updating notification cache...
2024-09-20 13:21:45,382 INFO     ___FILE_ONLY___ 

2024-09-20 13:21:45,384 INFO     ___FILE_ONLY___ Performing post processing steps...
2024-09-20 13:21:45,385 DEBUG    root            Executing command: ['/tools/google-cloud-sdk/bin/gcloud', 'components', 'post-process']
2024-09-20 13:21:55,571 DEBUG    ___FILE_ONLY___ 
2024-09-20 13:21:55,571 DEBUG    ___FILE_ONLY___ 
2024-09-20 13:21:55,658 INFO     ___FILE_ONLY___ 
Update done!


2024-09-20 13:21:55,661 DEBUG    root            Chosen display Format:none
2024-09-20 13:21:55,661 INFO     root            Display format: "none"
