Mon 23 Sep 2024 20:45:02 INFO  ['/content/RecBole/run_recbole.py', '--dataset=ml-1m', '--model=BPR']
Mon 23 Sep 2024 20:45:02 INFO  
General Hyper Parameters:
gpu_id = 0
use_gpu = True
seed = 2020
state = INFO
reproducibility = True
data_path = dataset/ml-1m
checkpoint_dir = saved
show_progress = True
save_dataset = False
dataset_save_path = None
save_dataloaders = False
dataloaders_save_path = None
log_wandb = False

Training Hyper Parameters:
epochs = 300
train_batch_size = 2048
learner = adam
learning_rate = 0.001
train_neg_sample_args = {'distribution': 'uniform', 'sample_num': 1, 'alpha': 1.0, 'dynamic': False, 'candidate_num': 0}
eval_step = 1
stopping_step = 10
clip_grad_norm = None
weight_decay = 0.0
loss_decimal_place = 4

Evaluation Hyper Parameters:
eval_args = {'split': {'RS': [0.8, 0.1, 0.1]}, 'order': 'RO', 'group_by': 'user', 'mode': {'valid': 'full', 'test': 'full'}}
repeatable = False
metrics = ['Recall', 'MRR', 'NDCG', 'Hit', 'Precision']
topk = [10]
valid_metric = MRR@10
valid_metric_bigger = True
eval_batch_size = 4096
metric_decimal_place = 4

Dataset Hyper Parameters:
field_separator = 	
seq_separator =  
USER_ID_FIELD = user_id
ITEM_ID_FIELD = item_id
RATING_FIELD = rating
TIME_FIELD = timestamp
seq_len = None
LABEL_FIELD = label
threshold = None
NEG_PREFIX = neg_
load_col = {'inter': ['user_id', 'item_id', 'rating', 'timestamp']}
unload_col = None
unused_col = None
additional_feat_suffix = None
rm_dup_inter = None
val_interval = None
filter_inter_by_user_or_item = True
user_inter_num_interval = None
item_inter_num_interval = None
alias_of_user_id = None
alias_of_item_id = None
alias_of_entity_id = None
alias_of_relation_id = None
preload_weight = None
normalize_field = None
normalize_all = True
ITEM_LIST_LENGTH_FIELD = item_length
LIST_SUFFIX = _list
MAX_ITEM_LIST_LENGTH = 200
POSITION_FIELD = position_id
HEAD_ENTITY_ID_FIELD = head_id
TAIL_ENTITY_ID_FIELD = tail_id
RELATION_ID_FIELD = relation_id
ENTITY_ID_FIELD = entity_id
kg_reverse_r = False
entity_kg_num_interval = None
relation_kg_num_interval = None
benchmark_filename = None

Other Hyper Parameters: 
worker = 0
wandb_project = recbole
shuffle = True
require_pow = False
enable_amp = False
enable_scaler = False
transform = None
embedding_size = 64
numerical_features = []
discretization = None
MODEL_TYPE = ModelType.GENERAL
MODEL_INPUT_TYPE = InputType.PAIRWISE
eval_type = EvaluatorType.RANKING
single_spec = True
local_rank = 0
device = cpu
valid_neg_sample_args = {'distribution': 'uniform', 'sample_num': 'none'}
test_neg_sample_args = {'distribution': 'uniform', 'sample_num': 'none'}


Mon 23 Sep 2024 20:45:08 INFO  ml-1m
The number of users: 6041
Average actions of users: 165.5975165562914
The number of items: 3707
Average actions of items: 269.88909875876953
The number of inters: 1000209
The sparsity of the dataset: 95.53358229599758%
Remain Fields: ['user_id', 'item_id', 'rating', 'timestamp']
Mon 23 Sep 2024 20:45:12 INFO  [Training]: train_batch_size = [2048] train_neg_sample_args: [{'distribution': 'uniform', 'sample_num': 1, 'alpha': 1.0, 'dynamic': False, 'candidate_num': 0}]
Mon 23 Sep 2024 20:45:12 INFO  [Evaluation]: eval_batch_size = [4096] eval_args: [{'split': {'RS': [0.8, 0.1, 0.1]}, 'order': 'RO', 'group_by': 'user', 'mode': {'valid': 'full', 'test': 'full'}}]
Mon 23 Sep 2024 20:45:12 INFO  BPR(
  (user_embedding): Embedding(6041, 64)
  (item_embedding): Embedding(3707, 64)
  (loss): BPRLoss()
)
Trainable parameters: 623872
Mon 23 Sep 2024 20:45:12 INFO  FLOPs: 128.0
Mon 23 Sep 2024 20:45:19 INFO  epoch 0 training [time: 5.81s, train loss: 234.0661]
Mon 23 Sep 2024 20:45:23 INFO  epoch 0 evaluating [time: 4.15s, valid_score: 0.223400]
Mon 23 Sep 2024 20:45:23 INFO  valid result: 
recall@10 : 0.0663    mrr@10 : 0.2234    ndcg@10 : 0.1076    hit@10 : 0.4813    precision@10 : 0.0874
Mon 23 Sep 2024 20:45:23 INFO  Saving current: saved/BPR-Sep-23-2024_20-45-12.pth
Mon 23 Sep 2024 20:45:31 INFO  epoch 1 training [time: 8.06s, train loss: 136.9583]
Mon 23 Sep 2024 20:45:36 INFO  epoch 1 evaluating [time: 4.72s, valid_score: 0.241800]
Mon 23 Sep 2024 20:45:36 INFO  valid result: 
recall@10 : 0.0733    mrr@10 : 0.2418    ndcg@10 : 0.1162    hit@10 : 0.5123    precision@10 : 0.0937
Mon 23 Sep 2024 20:45:36 INFO  Saving current: saved/BPR-Sep-23-2024_20-45-12.pth
